####################################################
Yearly log #0
----------------------
Percentage of each power plant type:
*Coal:      46.799999 %
*Nuclear:   34.000000 %
*Wind:      0.700000 %
*Hydro:     1.900000 %
*Biomass:   5.500000 %
*Solar:     2.700000 %
*Gas:       7.100000 %
*Other:     1.300000 %
Installed power of each power plant type:
*Coal:      9130000 kW
*Nuclear:   4290000 kW
*Wind:      277000 kW
*Hydro:     1090000 kW
*Biomass:   950000 kW
*Solar:     2030000 kW
*Gas:       1610000 kW
*Other:     700000 kW
------------------------
GHG [g CO2 eq.]*10**9: 43348.486921
Production [GWh]: 88358
####################################################
Yearly log #1
----------------------
Percentage of each power plant type:
*Coal:      45.149998 %
*Nuclear:   34.000000 %
*Wind:      0.808333 %
*Hydro:     1.825000 %
*Biomass:   5.458333 %
*Solar:     4.391666 %
*Gas:       7.091667 %
*Other:     1.275000 %
Installed power of each power plant type:
*Coal:      8864507 kW
*Nuclear:   4317468 kW
*Wind:      321917 kW
*Hydro:     1053677 kW
*Biomass:   948839 kW
*Solar:     3323024 kW
*Gas:       1618406 kW
*Other:     690934 kW
------------------------
GHG [g CO2 eq.]*10**9: 42239.790309
Production [GWh]: 88653
####################################################
Yearly log #2
----------------------
Percentage of each power plant type:
*Coal:      43.499996 %
*Nuclear:   34.000000 %
*Wind:      0.916667 %
*Hydro:     1.750000 %
*Biomass:   5.416667 %
*Solar:     6.083333 %
*Gas:       7.083333 %
*Other:     1.250000 %
Installed power of each power plant type:
*Coal:      8594744 kW
*Nuclear:   4344863 kW
*Wind:      367377 kW
*Hydro:     1016786 kW
*Biomass:   947571 kW
*Solar:     4632257 kW
*Gas:       1626761 kW
*Other:     681684 kW
------------------------
GHG [g CO2 eq.]*10**9: 41412.863685
Production [GWh]: 89231
####################################################
Yearly log #3
----------------------
Percentage of each power plant type:
*Coal:      41.849995 %
*Nuclear:   34.000000 %
*Wind:      1.025000 %
*Hydro:     1.675000 %
*Biomass:   5.375000 %
*Solar:     7.775000 %
*Gas:       7.075000 %
*Other:     1.225000 %
Installed power of each power plant type:
*Coal:      8320870 kW
*Nuclear:   4372257 kW
*Wind:      413384 kW
*Hydro:     979345 kW
*Biomass:   946210 kW
*Solar:     5957733 kW
*Gas:       1635092 kW
*Other:     672263 kW
------------------------
GHG [g CO2 eq.]*10**9: 40309.636015
Production [GWh]: 89786
####################################################
Yearly log #4
----------------------
Percentage of each power plant type:
*Coal:      40.199993 %
*Nuclear:   34.000000 %
*Wind:      1.133333 %
*Hydro:     1.600000 %
*Biomass:   5.333334 %
*Solar:     9.466666 %
*Gas:       7.066667 %
*Other:     1.200000 %
Installed power of each power plant type:
*Coal:      8042886 kW
*Nuclear:   4399651 kW
*Wind:      459939 kW
*Hydro:     941355 kW
*Biomass:   944758 kW
*Solar:     7299453 kW
*Gas:       1643399 kW
*Other:     662669 kW
------------------------
GHG [g CO2 eq.]*10**9: 38809.542114
Production [GWh]: 90345
####################################################
Yearly log #5
----------------------
Percentage of each power plant type:
*Coal:      38.549992 %
*Nuclear:   34.000000 %
*Wind:      1.241667 %
*Hydro:     1.525000 %
*Biomass:   5.291667 %
*Solar:     11.158333 %
*Gas:       7.058334 %
*Other:     1.175000 %
Installed power of each power plant type:
*Coal:      7760789 kW
*Nuclear:   4427045 kW
*Wind:      507041 kW
*Hydro:     902816 kW
*Biomass:   943213 kW
*Solar:     8657415 kW
*Gas:       1651681 kW
*Other:     652903 kW
------------------------
GHG [g CO2 eq.]*10**9: 37988.230700
Production [GWh]: 90919
####################################################
Yearly log #6
----------------------
Percentage of each power plant type:
*Coal:      36.899990 %
*Nuclear:   34.000000 %
*Wind:      1.350000 %
*Hydro:     1.450000 %
*Biomass:   5.250001 %
*Solar:     12.849999 %
*Gas:       7.050001 %
*Other:     1.150000 %
Installed power of each power plant type:
*Coal:      7474583 kW
*Nuclear:   4454439 kW
*Wind:      554691 kW
*Hydro:     863727 kW
*Biomass:   941577 kW
*Solar:     10031623 kW
*Gas:       1659940 kW
*Other:     642966 kW
------------------------
GHG [g CO2 eq.]*10**9: 36511.469234
Production [GWh]: 91459
####################################################
Yearly log #7
----------------------
Percentage of each power plant type:
*Coal:      35.249989 %
*Nuclear:   34.000000 %
*Wind:      1.458333 %
*Hydro:     1.375000 %
*Biomass:   5.208334 %
*Solar:     14.541666 %
*Gas:       7.041667 %
*Other:     1.125000 %
Installed power of each power plant type:
*Coal:      7184266 kW
*Nuclear:   4481833 kW
*Wind:      602888 kW
*Hydro:     824088 kW
*Biomass:   939849 kW
*Solar:     11422072 kW
*Gas:       1668174 kW
*Other:     632857 kW
------------------------
GHG [g CO2 eq.]*10**9: 35215.946663
Production [GWh]: 92052
####################################################
Yearly log #8
----------------------
Percentage of each power plant type:
*Coal:      33.599987 %
*Nuclear:   34.000000 %
*Wind:      1.566667 %
*Hydro:     1.300000 %
*Biomass:   5.166668 %
*Solar:     16.233334 %
*Gas:       7.033334 %
*Other:     1.100000 %
Installed power of each power plant type:
*Coal:      6889837 kW
*Nuclear:   4509228 kW
*Wind:      651633 kW
*Hydro:     783900 kW
*Biomass:   938029 kW
*Solar:     12828766 kW
*Gas:       1676384 kW
*Other:     622575 kW
------------------------
GHG [g CO2 eq.]*10**9: 33768.659043
Production [GWh]: 92573
####################################################
Yearly log #9
----------------------
Percentage of each power plant type:
*Coal:      31.949987 %
*Nuclear:   34.000000 %
*Wind:      1.675000 %
*Hydro:     1.225000 %
*Biomass:   5.125001 %
*Solar:     17.924999 %
*Gas:       7.025001 %
*Other:     1.075000 %
Installed power of each power plant type:
*Coal:      6591297 kW
*Nuclear:   4536621 kW
*Wind:      700925 kW
*Hydro:     743162 kW
*Biomass:   936117 kW
*Solar:     14251701 kW
*Gas:       1684570 kW
*Other:     612122 kW
------------------------
GHG [g CO2 eq.]*10**9: 32817.073166
Production [GWh]: 93183
####################################################
Yearly log #10
----------------------
Percentage of each power plant type:
*Coal:      30.299988 %
*Nuclear:   34.000000 %
*Wind:      1.783333 %
*Hydro:     1.149999 %
*Biomass:   5.083335 %
*Solar:     19.616665 %
*Gas:       7.016668 %
*Other:     1.050000 %
Installed power of each power plant type:
*Coal:      6288647 kW
*Nuclear:   4564015 kW
*Wind:      750765 kW
*Hydro:     701876 kW
*Biomass:   934113 kW
*Solar:     15690881 kW
*Gas:       1692732 kW
*Other:     601497 kW
------------------------
GHG [g CO2 eq.]*10**9: 31714.902391
Production [GWh]: 93695
####################################################
Yearly log #11
----------------------
Percentage of each power plant type:
*Coal:      28.649988 %
*Nuclear:   34.000000 %
*Wind:      1.891667 %
*Hydro:     1.074999 %
*Biomass:   5.041668 %
*Solar:     21.308331 %
*Gas:       7.008335 %
*Other:     1.025000 %
Installed power of each power plant type:
*Coal:      5981886 kW
*Nuclear:   4591409 kW
*Wind:      801152 kW
*Hydro:     660039 kW
*Biomass:   932017 kW
*Solar:     17146304 kW
*Gas:       1700870 kW
*Other:     590700 kW
------------------------
GHG [g CO2 eq.]*10**9: 30436.079001
Production [GWh]: 94307
####################################################
Yearly log #12
----------------------
Percentage of each power plant type:
*Coal:      26.999989 %
*Nuclear:   34.000000 %
*Wind:      2.000000 %
*Hydro:     0.999999 %
*Biomass:   5.000002 %
*Solar:     22.999996 %
*Gas:       7.000001 %
*Other:     1.000000 %
Installed power of each power plant type:
*Coal:      5671015 kW
*Nuclear:   4618804 kW
*Wind:      852087 kW
*Hydro:     617653 kW
*Biomass:   929829 kW
*Solar:     18617970 kW
*Gas:       1708983 kW
*Other:     579731 kW
------------------------
GHG [g CO2 eq.]*10**9: 28437.038285
Production [GWh]: 94828
**************************************
**************************************
Total log
----------------------
GHG [g CO2 eq.]*10**12: 444.572679
Daily production [kWh] 261119998
Years: 12
Percentage of each power plant type:
*Coal:      26.999989 %
*Nuclear:   34.000000 %
*Wind:      2.000000 %
*Hydro:     0.999999 %
*Biomass:   5.000002 %
*Solar:     22.999996 %
*Gas:       7.000001 %
*Other:     1.000000 %
------------------------
Installed power of each power plant type:
*Coal:      5671015 kW
*Nuclear:   4618804 kW
*Wind:      852087 kW
*Hydro:     617653 kW
*Biomass:   929829 kW
*Solar:     18617970 kW
*Gas:       1708983 kW
*Other:     579731 kW
**************************************
**************************************
