####################################################
Yearly log #0
----------------------
Percentage of each power plant type:
*Coal:      46.799999 %
*Nuclear:   34.000000 %
*Wind:      0.700000 %
*Hydro:     1.900000 %
*Biomass:   5.500000 %
*Solar:     2.700000 %
*Gas:       7.100000 %
*Other:     1.300000 %
Installed power of each power plant type:
*Coal:      9130000 kW
*Nuclear:   4290000 kW
*Wind:      277000 kW
*Hydro:     1090000 kW
*Biomass:   950000 kW
*Solar:     2030000 kW
*Gas:       1610000 kW
*Other:     700000 kW
------------------------
GHG [g CO2 eq.]*10**9: 43527.467531
Production [GWh]: 88358
####################################################
Yearly log #1
----------------------
Percentage of each power plant type:
*Coal:      45.066666 %
*Nuclear:   34.000000 %
*Wind:      1.308333 %
*Hydro:     1.991667 %
*Biomass:   5.958333 %
*Solar:     3.308333 %
*Gas:       7.091667 %
*Other:     1.275000 %
Installed power of each power plant type:
*Coal:      8848147 kW
*Nuclear:   4317468 kW
*Wind:      521041 kW
*Hydro:     1149903 kW
*Biomass:   1035756 kW
*Solar:     2503303 kW
*Gas:       1618406 kW
*Other:     690934 kW
------------------------
GHG [g CO2 eq.]*10**9: 41923.527451
Production [GWh]: 88653
####################################################
Yearly log #2
----------------------
Percentage of each power plant type:
*Coal:      43.333332 %
*Nuclear:   34.000000 %
*Wind:      1.916667 %
*Hydro:     2.083333 %
*Biomass:   6.416667 %
*Solar:     3.916667 %
*Gas:       7.083333 %
*Other:     1.250000 %
Installed power of each power plant type:
*Coal:      8561815 kW
*Nuclear:   4344863 kW
*Wind:      768151 kW
*Hydro:     1210459 kW
*Biomass:   1122507 kW
*Solar:     2982412 kW
*Gas:       1626761 kW
*Other:     681684 kW
------------------------
GHG [g CO2 eq.]*10**9: 41359.559853
Production [GWh]: 89231
####################################################
Yearly log #3
----------------------
Percentage of each power plant type:
*Coal:      41.599998 %
*Nuclear:   34.000000 %
*Wind:      2.525000 %
*Hydro:     2.175000 %
*Biomass:   6.875000 %
*Solar:     4.525000 %
*Gas:       7.075000 %
*Other:     1.225000 %
Installed power of each power plant type:
*Coal:      8271165 kW
*Nuclear:   4372257 kW
*Wind:      1018337 kW
*Hydro:     1271688 kW
*Biomass:   1210269 kW
*Solar:     3467363 kW
*Gas:       1635092 kW
*Other:     672263 kW
------------------------
GHG [g CO2 eq.]*10**9: 40483.393663
Production [GWh]: 89786
####################################################
Yearly log #4
----------------------
Percentage of each power plant type:
*Coal:      39.866665 %
*Nuclear:   34.000000 %
*Wind:      3.133333 %
*Hydro:     2.266667 %
*Biomass:   7.333334 %
*Solar:     5.133333 %
*Gas:       7.066667 %
*Other:     1.200000 %
Installed power of each power plant type:
*Coal:      7976196 kW
*Nuclear:   4399651 kW
*Wind:      1271596 kW
*Hydro:     1333587 kW
*Biomass:   1299042 kW
*Solar:     3958154 kW
*Gas:       1643399 kW
*Other:     662669 kW
------------------------
GHG [g CO2 eq.]*10**9: 38870.494772
Production [GWh]: 90345
####################################################
Yearly log #5
----------------------
Percentage of each power plant type:
*Coal:      38.133331 %
*Nuclear:   34.000000 %
*Wind:      3.741667 %
*Hydro:     2.358333 %
*Biomass:   7.791667 %
*Solar:     5.741667 %
*Gas:       7.058334 %
*Other:     1.175000 %
Installed power of each power plant type:
*Coal:      7676908 kW
*Nuclear:   4427045 kW
*Wind:      1527930 kW
*Hydro:     1396158 kW
*Biomass:   1388826 kW
*Solar:     4454787 kW
*Gas:       1651681 kW
*Other:     652903 kW
------------------------
GHG [g CO2 eq.]*10**9: 37932.882172
Production [GWh]: 90919
####################################################
Yearly log #6
----------------------
Percentage of each power plant type:
*Coal:      36.399998 %
*Nuclear:   34.000000 %
*Wind:      4.350000 %
*Hydro:     2.450000 %
*Biomass:   8.250001 %
*Solar:     6.350000 %
*Gas:       7.050001 %
*Other:     1.150000 %
Installed power of each power plant type:
*Coal:      7373303 kW
*Nuclear:   4454439 kW
*Wind:      1787338 kW
*Hydro:     1459401 kW
*Biomass:   1479621 kW
*Solar:     4957261 kW
*Gas:       1659940 kW
*Other:     642966 kW
------------------------
GHG [g CO2 eq.]*10**9: 36402.649568
Production [GWh]: 91459
####################################################
Yearly log #7
----------------------
Percentage of each power plant type:
*Coal:      34.666664 %
*Nuclear:   34.000000 %
*Wind:      4.958334 %
*Hydro:     2.541667 %
*Biomass:   8.708334 %
*Solar:     6.958334 %
*Gas:       7.041667 %
*Other:     1.125000 %
Installed power of each power plant type:
*Coal:      7065378 kW
*Nuclear:   4481833 kW
*Wind:      2049820 kW
*Hydro:     1523315 kW
*Biomass:   1571427 kW
*Solar:     5465576 kW
*Gas:       1668174 kW
*Other:     632857 kW
------------------------
GHG [g CO2 eq.]*10**9: 35121.169137
Production [GWh]: 92052
####################################################
Yearly log #8
----------------------
Percentage of each power plant type:
*Coal:      32.933331 %
*Nuclear:   34.000000 %
*Wind:      5.566668 %
*Hydro:     2.633333 %
*Biomass:   9.166667 %
*Solar:     7.566668 %
*Gas:       7.033334 %
*Other:     1.100000 %
Installed power of each power plant type:
*Coal:      6753135 kW
*Nuclear:   4509228 kW
*Wind:      2315378 kW
*Hydro:     1587901 kW
*Biomass:   1664244 kW
*Solar:     5979733 kW
*Gas:       1676384 kW
*Other:     622575 kW
------------------------
GHG [g CO2 eq.]*10**9: 33893.456087
Production [GWh]: 92573
####################################################
Yearly log #9
----------------------
Percentage of each power plant type:
*Coal:      31.199997 %
*Nuclear:   34.000000 %
*Wind:      6.175001 %
*Hydro:     2.725000 %
*Biomass:   9.625000 %
*Solar:     8.175001 %
*Gas:       7.025001 %
*Other:     1.075000 %
Installed power of each power plant type:
*Coal:      6436574 kW
*Nuclear:   4536621 kW
*Wind:      2584009 kW
*Hydro:     1653159 kW
*Biomass:   1758073 kW
*Solar:     6499730 kW
*Gas:       1684570 kW
*Other:     612122 kW
------------------------
GHG [g CO2 eq.]*10**9: 32656.930640
Production [GWh]: 93183
####################################################
Yearly log #10
----------------------
Percentage of each power plant type:
*Coal:      29.466663 %
*Nuclear:   34.000000 %
*Wind:      6.783335 %
*Hydro:     2.816667 %
*Biomass:   10.083333 %
*Solar:     8.783335 %
*Gas:       7.016668 %
*Other:     1.050000 %
Installed power of each power plant type:
*Coal:      6115694 kW
*Nuclear:   4564015 kW
*Wind:      2855714 kW
*Hydro:     1719088 kW
*Biomass:   1852912 kW
*Solar:     7025569 kW
*Gas:       1692732 kW
*Other:     601497 kW
------------------------
GHG [g CO2 eq.]*10**9: 31187.771055
Production [GWh]: 93695
####################################################
Yearly log #11
----------------------
Percentage of each power plant type:
*Coal:      27.733330 %
*Nuclear:   34.000000 %
*Wind:      7.391668 %
*Hydro:     2.908334 %
*Biomass:   10.541666 %
*Solar:     9.391668 %
*Gas:       7.008335 %
*Other:     1.025000 %
Installed power of each power plant type:
*Coal:      5790496 kW
*Nuclear:   4591409 kW
*Wind:      3130495 kW
*Hydro:     1785689 kW
*Biomass:   1948762 kW
*Solar:     7557250 kW
*Gas:       1700870 kW
*Other:     590700 kW
------------------------
GHG [g CO2 eq.]*10**9: 29954.402720
Production [GWh]: 94307
####################################################
Yearly log #12
----------------------
Percentage of each power plant type:
*Coal:      25.999996 %
*Nuclear:   34.000000 %
*Wind:      8.000002 %
*Hydro:     3.000000 %
*Biomass:   10.999999 %
*Solar:     10.000002 %
*Gas:       7.000001 %
*Other:     1.000000 %
Installed power of each power plant type:
*Coal:      5460979 kW
*Nuclear:   4618804 kW
*Wind:      3408349 kW
*Hydro:     1852961 kW
*Biomass:   2045624 kW
*Solar:     8094772 kW
*Gas:       1708983 kW
*Other:     579731 kW
------------------------
GHG [g CO2 eq.]*10**9: 27701.054711
Production [GWh]: 94828
**************************************
**************************************
Total log
----------------------
GHG [g CO2 eq.]*10**12: 443.313705
Daily production [kWh] 261119998
Years: 12
Percentage of each power plant type:
*Coal:      25.999996 %
*Nuclear:   34.000000 %
*Wind:      8.000002 %
*Hydro:     3.000000 %
*Biomass:   10.999999 %
*Solar:     10.000002 %
*Gas:       7.000001 %
*Other:     1.000000 %
------------------------
Installed power of each power plant type:
*Coal:      5460979 kW
*Nuclear:   4618804 kW
*Wind:      3408349 kW
*Hydro:     1852961 kW
*Biomass:   2045624 kW
*Solar:     8094772 kW
*Gas:       1708983 kW
*Other:     579731 kW
**************************************
**************************************
