####################################################
Yearly log #0
----------------------
Percentage of each power plant type:
*Coal:      46.799999 %
*Nuclear:   34.000000 %
*Wind:      0.700000 %
*Hydro:     1.900000 %
*Biomass:   5.500000 %
*Solar:     2.700000 %
*Gas:       7.100000 %
*Other:     1.300000 %
Installed power of each power plant type:
*Coal:      9130000 kW
*Nuclear:   4290000 kW
*Wind:      277000 kW
*Hydro:     1090000 kW
*Biomass:   950000 kW
*Solar:     2030000 kW
*Gas:       1610000 kW
*Other:     700000 kW
------------------------
GHG [g CO2 eq.]*10**9: 43583.620321
Production [GWh]: 88358
####################################################
Yearly log #1
----------------------
Percentage of each power plant type:
*Coal:      45.149998 %
*Nuclear:   34.000000 %
*Wind:      0.808333 %
*Hydro:     1.825000 %
*Biomass:   7.125000 %
*Solar:     2.725000 %
*Gas:       7.091667 %
*Other:     1.275000 %
Installed power of each power plant type:
*Coal:      8864507 kW
*Nuclear:   4317468 kW
*Wind:      321917 kW
*Hydro:     1053677 kW
*Biomass:   1238561 kW
*Solar:     2061914 kW
*Gas:       1618406 kW
*Other:     690934 kW
------------------------
GHG [g CO2 eq.]*10**9: 42714.448876
Production [GWh]: 88653
####################################################
Yearly log #2
----------------------
Percentage of each power plant type:
*Coal:      43.499996 %
*Nuclear:   34.000000 %
*Wind:      0.916667 %
*Hydro:     1.750000 %
*Biomass:   8.750000 %
*Solar:     2.750000 %
*Gas:       7.083333 %
*Other:     1.250000 %
Installed power of each power plant type:
*Coal:      8594744 kW
*Nuclear:   4344863 kW
*Wind:      367377 kW
*Hydro:     1016786 kW
*Biomass:   1530691 kW
*Solar:     2094034 kW
*Gas:       1626761 kW
*Other:     681684 kW
------------------------
GHG [g CO2 eq.]*10**9: 41442.671878
Production [GWh]: 89231
####################################################
Yearly log #3
----------------------
Percentage of each power plant type:
*Coal:      41.849995 %
*Nuclear:   34.000000 %
*Wind:      1.025000 %
*Hydro:     1.675000 %
*Biomass:   10.375000 %
*Solar:     2.775000 %
*Gas:       7.075000 %
*Other:     1.225000 %
Installed power of each power plant type:
*Coal:      8320870 kW
*Nuclear:   4372257 kW
*Wind:      413384 kW
*Hydro:     979345 kW
*Biomass:   1826406 kW
*Solar:     2126394 kW
*Gas:       1635092 kW
*Other:     672263 kW
------------------------
GHG [g CO2 eq.]*10**9: 40058.297227
Production [GWh]: 89786
####################################################
Yearly log #4
----------------------
Percentage of each power plant type:
*Coal:      40.199993 %
*Nuclear:   34.000000 %
*Wind:      1.133333 %
*Hydro:     1.600000 %
*Biomass:   12.000000 %
*Solar:     2.800000 %
*Gas:       7.066667 %
*Other:     1.200000 %
Installed power of each power plant type:
*Coal:      8042886 kW
*Nuclear:   4399651 kW
*Wind:      459939 kW
*Hydro:     941355 kW
*Biomass:   2125705 kW
*Solar:     2158993 kW
*Gas:       1643399 kW
*Other:     662669 kW
------------------------
GHG [g CO2 eq.]*10**9: 39289.257248
Production [GWh]: 90345
####################################################
Yearly log #5
----------------------
Percentage of each power plant type:
*Coal:      38.549992 %
*Nuclear:   34.000000 %
*Wind:      1.241667 %
*Hydro:     1.525000 %
*Biomass:   13.625000 %
*Solar:     2.825001 %
*Gas:       7.058334 %
*Other:     1.175000 %
Installed power of each power plant type:
*Coal:      7760789 kW
*Nuclear:   4427045 kW
*Wind:      507041 kW
*Hydro:     902816 kW
*Biomass:   2428589 kW
*Solar:     2191833 kW
*Gas:       1651681 kW
*Other:     652903 kW
------------------------
GHG [g CO2 eq.]*10**9: 38345.286502
Production [GWh]: 90919
####################################################
Yearly log #6
----------------------
Percentage of each power plant type:
*Coal:      36.899990 %
*Nuclear:   34.000000 %
*Wind:      1.350000 %
*Hydro:     1.450000 %
*Biomass:   15.250000 %
*Solar:     2.850001 %
*Gas:       7.050001 %
*Other:     1.150000 %
Installed power of each power plant type:
*Coal:      7474583 kW
*Nuclear:   4454439 kW
*Wind:      554691 kW
*Hydro:     863727 kW
*Biomass:   2735058 kW
*Solar:     2224913 kW
*Gas:       1659940 kW
*Other:     642966 kW
------------------------
GHG [g CO2 eq.]*10**9: 37474.902030
Production [GWh]: 91459
####################################################
Yearly log #7
----------------------
Percentage of each power plant type:
*Coal:      35.249989 %
*Nuclear:   34.000000 %
*Wind:      1.458333 %
*Hydro:     1.375000 %
*Biomass:   16.875000 %
*Solar:     2.875001 %
*Gas:       7.041667 %
*Other:     1.125000 %
Installed power of each power plant type:
*Coal:      7184266 kW
*Nuclear:   4481833 kW
*Wind:      602888 kW
*Hydro:     824088 kW
*Biomass:   3045111 kW
*Solar:     2258232 kW
*Gas:       1668174 kW
*Other:     632857 kW
------------------------
GHG [g CO2 eq.]*10**9: 36483.398632
Production [GWh]: 92052
####################################################
Yearly log #8
----------------------
Percentage of each power plant type:
*Coal:      33.599987 %
*Nuclear:   34.000000 %
*Wind:      1.566667 %
*Hydro:     1.300000 %
*Biomass:   18.500000 %
*Solar:     2.900001 %
*Gas:       7.033334 %
*Other:     1.100000 %
Installed power of each power plant type:
*Coal:      6889837 kW
*Nuclear:   4509228 kW
*Wind:      651633 kW
*Hydro:     783900 kW
*Biomass:   3358748 kW
*Solar:     2291792 kW
*Gas:       1676384 kW
*Other:     622575 kW
------------------------
GHG [g CO2 eq.]*10**9: 35451.362443
Production [GWh]: 92573
####################################################
Yearly log #9
----------------------
Percentage of each power plant type:
*Coal:      31.949987 %
*Nuclear:   34.000000 %
*Wind:      1.675000 %
*Hydro:     1.225000 %
*Biomass:   20.125000 %
*Solar:     2.925001 %
*Gas:       7.025001 %
*Other:     1.075000 %
Installed power of each power plant type:
*Coal:      6591297 kW
*Nuclear:   4536621 kW
*Wind:      700925 kW
*Hydro:     743162 kW
*Biomass:   3675970 kW
*Solar:     2325592 kW
*Gas:       1684570 kW
*Other:     612122 kW
------------------------
GHG [g CO2 eq.]*10**9: 33231.014386
Production [GWh]: 93183
####################################################
Yearly log #10
----------------------
Percentage of each power plant type:
*Coal:      30.299988 %
*Nuclear:   34.000000 %
*Wind:      1.783333 %
*Hydro:     1.149999 %
*Biomass:   21.750000 %
*Solar:     2.950001 %
*Gas:       7.016668 %
*Other:     1.050000 %
Installed power of each power plant type:
*Coal:      6288647 kW
*Nuclear:   4564015 kW
*Wind:      750765 kW
*Hydro:     701876 kW
*Biomass:   3996778 kW
*Solar:     2359632 kW
*Gas:       1692732 kW
*Other:     601497 kW
------------------------
GHG [g CO2 eq.]*10**9: 32313.862516
Production [GWh]: 93695
####################################################
Yearly log #11
----------------------
Percentage of each power plant type:
*Coal:      28.649988 %
*Nuclear:   34.000000 %
*Wind:      1.891667 %
*Hydro:     1.074999 %
*Biomass:   23.375000 %
*Solar:     2.975001 %
*Gas:       7.008335 %
*Other:     1.025000 %
Installed power of each power plant type:
*Coal:      5981886 kW
*Nuclear:   4591409 kW
*Wind:      801152 kW
*Hydro:     660039 kW
*Biomass:   4321170 kW
*Solar:     2393912 kW
*Gas:       1700870 kW
*Other:     590700 kW
------------------------
GHG [g CO2 eq.]*10**9: 31379.358000
Production [GWh]: 94307
####################################################
Yearly log #12
----------------------
Percentage of each power plant type:
*Coal:      26.999989 %
*Nuclear:   34.000000 %
*Wind:      2.000000 %
*Hydro:     0.999999 %
*Biomass:   25.000000 %
*Solar:     3.000001 %
*Gas:       7.000001 %
*Other:     1.000000 %
Installed power of each power plant type:
*Coal:      5671015 kW
*Nuclear:   4618804 kW
*Wind:      852087 kW
*Hydro:     617653 kW
*Biomass:   4649146 kW
*Solar:     2428432 kW
*Gas:       1708983 kW
*Other:     579731 kW
------------------------
GHG [g CO2 eq.]*10**9: 28948.916327
Production [GWh]: 94828
**************************************
**************************************
Total log
----------------------
GHG [g CO2 eq.]*10**12: 451.767480
Daily production [kWh] 261119998
Years: 12
Percentage of each power plant type:
*Coal:      26.999989 %
*Nuclear:   34.000000 %
*Wind:      2.000000 %
*Hydro:     0.999999 %
*Biomass:   25.000000 %
*Solar:     3.000001 %
*Gas:       7.000001 %
*Other:     1.000000 %
------------------------
Installed power of each power plant type:
*Coal:      5671015 kW
*Nuclear:   4618804 kW
*Wind:      852087 kW
*Hydro:     617653 kW
*Biomass:   4649146 kW
*Solar:     2428432 kW
*Gas:       1708983 kW
*Other:     579731 kW
**************************************
**************************************
