####################################################
Yearly log #0
----------------------
Percentage of each power plant type:
*Coal:      46.799999 %
*Nuclear:   34.000000 %
*Wind:      0.700000 %
*Hydro:     1.900000 %
*Biomass:   5.500000 %
*Solar:     2.700000 %
*Gas:       7.100000 %
*Other:     1.300000 %
Installed power of each power plant type:
*Coal:      9130000 kW
*Nuclear:   4290000 kW
*Wind:      277000 kW
*Hydro:     1090000 kW
*Biomass:   950000 kW
*Solar:     2030000 kW
*Gas:       1610000 kW
*Other:     700000 kW
------------------------
GHG [g CO2 eq.]*10**9: 43415.659378
Production [GWh]: 88358
####################################################
Yearly log #1
----------------------
Percentage of each power plant type:
*Coal:      46.816666 %
*Nuclear:   34.000000 %
*Wind:      0.725000 %
*Hydro:     1.908333 %
*Biomass:   5.458333 %
*Solar:     2.725000 %
*Gas:       7.091667 %
*Other:     1.275000 %
Installed power of each power plant type:
*Coal:      9191732 kW
*Nuclear:   5944985 kW
*Wind:      288729 kW
*Hydro:     1101790 kW
*Biomass:   948839 kW
*Solar:     2061914 kW
*Gas:       1618406 kW
*Other:     690934 kW
------------------------
GHG [g CO2 eq.]*10**9: 44023.845948
Production [GWh]: 88653
####################################################
Yearly log #2
----------------------
Percentage of each power plant type:
*Coal:      46.833332 %
*Nuclear:   34.000000 %
*Wind:      0.750000 %
*Hydro:     1.916667 %
*Biomass:   5.416667 %
*Solar:     2.750000 %
*Gas:       7.083333 %
*Other:     1.250000 %
Installed power of each power plant type:
*Coal:      9253347 kW
*Nuclear:   5984836 kW
*Wind:      300581 kW
*Hydro:     1113623 kW
*Biomass:   947571 kW
*Solar:     2094034 kW
*Gas:       1626761 kW
*Other:     681684 kW
------------------------
GHG [g CO2 eq.]*10**9: 44386.878608
Production [GWh]: 89231
####################################################
Yearly log #3
----------------------
Percentage of each power plant type:
*Coal:      46.849998 %
*Nuclear:   34.000000 %
*Wind:      0.775000 %
*Hydro:     1.925000 %
*Biomass:   5.375000 %
*Solar:     2.775000 %
*Gas:       7.075000 %
*Other:     1.225000 %
Installed power of each power plant type:
*Coal:      9315001 kW
*Nuclear:   6024712 kW
*Wind:      312558 kW
*Hydro:     1125516 kW
*Biomass:   946210 kW
*Solar:     2126394 kW
*Gas:       1635092 kW
*Other:     672263 kW
------------------------
GHG [g CO2 eq.]*10**9: 44676.648596
Production [GWh]: 89786
####################################################
Yearly log #4
----------------------
Percentage of each power plant type:
*Coal:      46.866665 %
*Nuclear:   34.000000 %
*Wind:      0.800000 %
*Hydro:     1.933333 %
*Biomass:   5.333334 %
*Solar:     2.800000 %
*Gas:       7.066667 %
*Other:     1.200000 %
Installed power of each power plant type:
*Coal:      9376699 kW
*Nuclear:   6064617 kW
*Wind:      324662 kW
*Hydro:     1137471 kW
*Biomass:   944758 kW
*Solar:     2158993 kW
*Gas:       1643399 kW
*Other:     662669 kW
------------------------
GHG [g CO2 eq.]*10**9: 44719.290481
Production [GWh]: 90345
####################################################
Yearly log #5
----------------------
Percentage of each power plant type:
*Coal:      46.883331 %
*Nuclear:   34.000000 %
*Wind:      0.825000 %
*Hydro:     1.941667 %
*Biomass:   5.291667 %
*Solar:     2.825001 %
*Gas:       7.058334 %
*Other:     1.175000 %
Installed power of each power plant type:
*Coal:      9438437 kW
*Nuclear:   6104548 kW
*Wind:      336893 kW
*Hydro:     1149487 kW
*Biomass:   943213 kW
*Solar:     2191833 kW
*Gas:       1651681 kW
*Other:     652903 kW
------------------------
GHG [g CO2 eq.]*10**9: 45081.108372
Production [GWh]: 90919
####################################################
Yearly log #6
----------------------
Percentage of each power plant type:
*Coal:      46.899998 %
*Nuclear:   34.000000 %
*Wind:      0.850000 %
*Hydro:     1.950000 %
*Biomass:   5.250001 %
*Solar:     2.850001 %
*Gas:       7.050001 %
*Other:     1.150000 %
Installed power of each power plant type:
*Coal:      9500217 kW
*Nuclear:   6144505 kW
*Wind:      349249 kW
*Hydro:     1161564 kW
*Biomass:   941577 kW
*Solar:     2224913 kW
*Gas:       1659940 kW
*Other:     642966 kW
------------------------
GHG [g CO2 eq.]*10**9: 45022.135325
Production [GWh]: 91459
####################################################
Yearly log #7
----------------------
Percentage of each power plant type:
*Coal:      46.916664 %
*Nuclear:   34.000000 %
*Wind:      0.875000 %
*Hydro:     1.958333 %
*Biomass:   5.208334 %
*Solar:     2.875001 %
*Gas:       7.041667 %
*Other:     1.125000 %
Installed power of each power plant type:
*Coal:      9562039 kW
*Nuclear:   6184490 kW
*Wind:      361733 kW
*Hydro:     1173702 kW
*Biomass:   939849 kW
*Solar:     2258232 kW
*Gas:       1668174 kW
*Other:     632857 kW
------------------------
GHG [g CO2 eq.]*10**9: 45761.446159
Production [GWh]: 92052
####################################################
Yearly log #8
----------------------
Percentage of each power plant type:
*Coal:      46.933331 %
*Nuclear:   34.000000 %
*Wind:      0.900000 %
*Hydro:     1.966667 %
*Biomass:   5.166668 %
*Solar:     2.900001 %
*Gas:       7.033334 %
*Other:     1.100000 %
Installed power of each power plant type:
*Coal:      9623902 kW
*Nuclear:   6224502 kW
*Wind:      374342 kW
*Hydro:     1185901 kW
*Biomass:   938029 kW
*Solar:     2291792 kW
*Gas:       1676384 kW
*Other:     622575 kW
------------------------
GHG [g CO2 eq.]*10**9: 45813.431709
Production [GWh]: 92573
####################################################
Yearly log #9
----------------------
Percentage of each power plant type:
*Coal:      46.949997 %
*Nuclear:   34.000000 %
*Wind:      0.925000 %
*Hydro:     1.975000 %
*Biomass:   5.125001 %
*Solar:     2.925001 %
*Gas:       7.025001 %
*Other:     1.075000 %
Installed power of each power plant type:
*Coal:      9685807 kW
*Nuclear:   6264540 kW
*Wind:      387078 kW
*Hydro:     1198161 kW
*Biomass:   936117 kW
*Solar:     2325592 kW
*Gas:       1684570 kW
*Other:     612122 kW
------------------------
GHG [g CO2 eq.]*10**9: 46009.922336
Production [GWh]: 93183
####################################################
Yearly log #10
----------------------
Percentage of each power plant type:
*Coal:      46.966663 %
*Nuclear:   34.000000 %
*Wind:      0.950000 %
*Hydro:     1.983333 %
*Biomass:   5.083335 %
*Solar:     2.950001 %
*Gas:       7.016668 %
*Other:     1.050000 %
Installed power of each power plant type:
*Coal:      9747753 kW
*Nuclear:   6304605 kW
*Wind:      399940 kW
*Hydro:     1210482 kW
*Biomass:   934113 kW
*Solar:     2359632 kW
*Gas:       1692732 kW
*Other:     601497 kW
------------------------
GHG [g CO2 eq.]*10**9: 46327.808652
Production [GWh]: 93695
####################################################
Yearly log #11
----------------------
Percentage of each power plant type:
*Coal:      46.983330 %
*Nuclear:   34.000000 %
*Wind:      0.975000 %
*Hydro:     1.991667 %
*Biomass:   5.041668 %
*Solar:     2.975001 %
*Gas:       7.008335 %
*Other:     1.025000 %
Installed power of each power plant type:
*Coal:      9809740 kW
*Nuclear:   6344697 kW
*Wind:      412928 kW
*Hydro:     1222864 kW
*Biomass:   932017 kW
*Solar:     2393912 kW
*Gas:       1700870 kW
*Other:     590700 kW
------------------------
GHG [g CO2 eq.]*10**9: 46801.344251
Production [GWh]: 94307
####################################################
Yearly log #12
----------------------
Percentage of each power plant type:
*Coal:      46.999996 %
*Nuclear:   34.000000 %
*Wind:      1.000000 %
*Hydro:     2.000000 %
*Biomass:   5.000002 %
*Solar:     3.000001 %
*Gas:       7.000001 %
*Other:     1.000000 %
Installed power of each power plant type:
*Coal:      9871770 kW
*Nuclear:   6384817 kW
*Wind:      426043 kW
*Hydro:     1235307 kW
*Biomass:   929829 kW
*Solar:     2428432 kW
*Gas:       1708983 kW
*Other:     579731 kW
------------------------
GHG [g CO2 eq.]*10**9: 46499.102727
Production [GWh]: 94828
**************************************
**************************************
Total log
----------------------
GHG [g CO2 eq.]*10**12: 542.039520
Daily production [kWh] 261119998
Years: 12
Percentage of each power plant type:
*Coal:      46.999996 %
*Nuclear:   34.000000 %
*Wind:      1.000000 %
*Hydro:     2.000000 %
*Biomass:   5.000002 %
*Solar:     3.000001 %
*Gas:       7.000001 %
*Other:     1.000000 %
------------------------
Installed power of each power plant type:
*Coal:      9871770 kW
*Nuclear:   6384817 kW
*Wind:      426043 kW
*Hydro:     1235307 kW
*Biomass:   929829 kW
*Solar:     2428432 kW
*Gas:       1708983 kW
*Other:     579731 kW
**************************************
**************************************
