####################################################
Yearly log #0
----------------------
Percentage of each power plant type:
*Coal:      46.799999 %
*Nuclear:   34.000000 %
*Wind:      0.700000 %
*Hydro:     1.900000 %
*Biomass:   5.500000 %
*Solar:     2.700000 %
*Gas:       7.100000 %
*Other:     1.300000 %
Installed power of each power plant type:
*Coal:      9130000 kW
*Nuclear:   4290000 kW
*Wind:      277000 kW
*Hydro:     1090000 kW
*Biomass:   950000 kW
*Solar:     2030000 kW
*Gas:       1610000 kW
*Other:     700000 kW
------------------------
GHG [g CO2 eq.]*10**9: 43358.412101
Production [GWh]: 88358
####################################################
Yearly log #1
----------------------
Percentage of each power plant type:
*Coal:      45.066666 %
*Nuclear:   35.750000 %
*Wind:      0.808333 %
*Hydro:     1.825000 %
*Biomass:   5.458333 %
*Solar:     2.725000 %
*Gas:       7.091667 %
*Other:     1.275000 %
Installed power of each power plant type:
*Coal:      8848147 kW
*Nuclear:   4539691 kW
*Wind:      321917 kW
*Hydro:     1053677 kW
*Biomass:   948839 kW
*Solar:     2061914 kW
*Gas:       1618406 kW
*Other:     690934 kW
------------------------
GHG [g CO2 eq.]*10**9: 42188.989801
Production [GWh]: 88653
####################################################
Yearly log #2
----------------------
Percentage of each power plant type:
*Coal:      43.333332 %
*Nuclear:   37.500000 %
*Wind:      0.916667 %
*Hydro:     1.750000 %
*Biomass:   5.416667 %
*Solar:     2.750000 %
*Gas:       7.083333 %
*Other:     1.250000 %
Installed power of each power plant type:
*Coal:      8561815 kW
*Nuclear:   4792128 kW
*Wind:      367377 kW
*Hydro:     1016786 kW
*Biomass:   947571 kW
*Solar:     2094034 kW
*Gas:       1626761 kW
*Other:     681684 kW
------------------------
GHG [g CO2 eq.]*10**9: 41300.591171
Production [GWh]: 89231
####################################################
Yearly log #3
----------------------
Percentage of each power plant type:
*Coal:      41.599998 %
*Nuclear:   39.250000 %
*Wind:      1.025000 %
*Hydro:     1.675000 %
*Biomass:   5.375000 %
*Solar:     2.775000 %
*Gas:       7.075000 %
*Other:     1.225000 %
Installed power of each power plant type:
*Coal:      8271165 kW
*Nuclear:   5047385 kW
*Wind:      413384 kW
*Hydro:     979345 kW
*Biomass:   946210 kW
*Solar:     2126394 kW
*Gas:       1635092 kW
*Other:     672263 kW
------------------------
GHG [g CO2 eq.]*10**9: 40135.505898
Production [GWh]: 89786
####################################################
Yearly log #4
----------------------
Percentage of each power plant type:
*Coal:      39.866665 %
*Nuclear:   41.000000 %
*Wind:      1.133333 %
*Hydro:     1.600000 %
*Biomass:   5.333334 %
*Solar:     2.800000 %
*Gas:       7.066667 %
*Other:     1.200000 %
Installed power of each power plant type:
*Coal:      7976196 kW
*Nuclear:   5305462 kW
*Wind:      459939 kW
*Hydro:     941355 kW
*Biomass:   944758 kW
*Solar:     2158993 kW
*Gas:       1643399 kW
*Other:     662669 kW
------------------------
GHG [g CO2 eq.]*10**9: 38573.133133
Production [GWh]: 90345
####################################################
Yearly log #5
----------------------
Percentage of each power plant type:
*Coal:      38.133331 %
*Nuclear:   42.750000 %
*Wind:      1.241667 %
*Hydro:     1.525000 %
*Biomass:   5.291667 %
*Solar:     2.825001 %
*Gas:       7.058334 %
*Other:     1.175000 %
Installed power of each power plant type:
*Coal:      7676908 kW
*Nuclear:   5566358 kW
*Wind:      507041 kW
*Hydro:     902816 kW
*Biomass:   943213 kW
*Solar:     2191833 kW
*Gas:       1651681 kW
*Other:     652903 kW
------------------------
GHG [g CO2 eq.]*10**9: 37687.559509
Production [GWh]: 90919
####################################################
Yearly log #6
----------------------
Percentage of each power plant type:
*Coal:      36.399998 %
*Nuclear:   44.500000 %
*Wind:      1.350000 %
*Hydro:     1.450000 %
*Biomass:   5.250001 %
*Solar:     2.850001 %
*Gas:       7.050001 %
*Other:     1.150000 %
Installed power of each power plant type:
*Coal:      7373303 kW
*Nuclear:   5830075 kW
*Wind:      554691 kW
*Hydro:     863727 kW
*Biomass:   941577 kW
*Solar:     2224913 kW
*Gas:       1659940 kW
*Other:     642966 kW
------------------------
GHG [g CO2 eq.]*10**9: 36148.590424
Production [GWh]: 91459
####################################################
Yearly log #7
----------------------
Percentage of each power plant type:
*Coal:      34.666664 %
*Nuclear:   46.250000 %
*Wind:      1.458333 %
*Hydro:     1.375000 %
*Biomass:   5.208334 %
*Solar:     2.875001 %
*Gas:       7.041667 %
*Other:     1.125000 %
Installed power of each power plant type:
*Coal:      7065378 kW
*Nuclear:   6096612 kW
*Wind:      602888 kW
*Hydro:     824088 kW
*Biomass:   939849 kW
*Solar:     2258232 kW
*Gas:       1668174 kW
*Other:     632857 kW
------------------------
GHG [g CO2 eq.]*10**9: 34786.216572
Production [GWh]: 92052
####################################################
Yearly log #8
----------------------
Percentage of each power plant type:
*Coal:      32.933331 %
*Nuclear:   48.000000 %
*Wind:      1.566667 %
*Hydro:     1.300000 %
*Biomass:   5.166668 %
*Solar:     2.900001 %
*Gas:       7.033334 %
*Other:     1.100000 %
Installed power of each power plant type:
*Coal:      6753135 kW
*Nuclear:   6365968 kW
*Wind:      651633 kW
*Hydro:     783900 kW
*Biomass:   938029 kW
*Solar:     2291792 kW
*Gas:       1676384 kW
*Other:     622575 kW
------------------------
GHG [g CO2 eq.]*10**9: 33277.312271
Production [GWh]: 92573
####################################################
Yearly log #9
----------------------
Percentage of each power plant type:
*Coal:      31.199997 %
*Nuclear:   49.750000 %
*Wind:      1.675000 %
*Hydro:     1.225000 %
*Biomass:   5.125001 %
*Solar:     2.925001 %
*Gas:       7.025001 %
*Other:     1.075000 %
Installed power of each power plant type:
*Coal:      6436574 kW
*Nuclear:   6638144 kW
*Wind:      700925 kW
*Hydro:     743162 kW
*Biomass:   936117 kW
*Solar:     2325592 kW
*Gas:       1684570 kW
*Other:     612122 kW
------------------------
GHG [g CO2 eq.]*10**9: 32255.561867
Production [GWh]: 93183
####################################################
Yearly log #10
----------------------
Percentage of each power plant type:
*Coal:      29.466663 %
*Nuclear:   51.500000 %
*Wind:      1.783333 %
*Hydro:     1.149999 %
*Biomass:   5.083335 %
*Solar:     2.950001 %
*Gas:       7.016668 %
*Other:     1.050000 %
Installed power of each power plant type:
*Coal:      6115694 kW
*Nuclear:   6913141 kW
*Wind:      750765 kW
*Hydro:     701876 kW
*Biomass:   934113 kW
*Solar:     2359632 kW
*Gas:       1692732 kW
*Other:     601497 kW
------------------------
GHG [g CO2 eq.]*10**9: 31084.640729
Production [GWh]: 93695
####################################################
Yearly log #11
----------------------
Percentage of each power plant type:
*Coal:      27.733330 %
*Nuclear:   53.250000 %
*Wind:      1.891667 %
*Hydro:     1.074999 %
*Biomass:   5.041668 %
*Solar:     2.975001 %
*Gas:       7.008335 %
*Other:     1.025000 %
Installed power of each power plant type:
*Coal:      5790496 kW
*Nuclear:   7190958 kW
*Wind:      801152 kW
*Hydro:     660039 kW
*Biomass:   932017 kW
*Solar:     2393912 kW
*Gas:       1700870 kW
*Other:     590700 kW
------------------------
GHG [g CO2 eq.]*10**9: 29732.404705
Production [GWh]: 94307
####################################################
Yearly log #12
----------------------
Percentage of each power plant type:
*Coal:      25.999996 %
*Nuclear:   55.000000 %
*Wind:      2.000000 %
*Hydro:     0.999999 %
*Biomass:   5.000002 %
*Solar:     3.000001 %
*Gas:       7.000001 %
*Other:     1.000000 %
Installed power of each power plant type:
*Coal:      5460979 kW
*Nuclear:   7471595 kW
*Wind:      852087 kW
*Hydro:     617653 kW
*Biomass:   929829 kW
*Solar:     2428432 kW
*Gas:       1708983 kW
*Other:     579731 kW
------------------------
GHG [g CO2 eq.]*10**9: 27531.151794
Production [GWh]: 94828
**************************************
**************************************
Total log
----------------------
GHG [g CO2 eq.]*10**12: 440.528918
Daily production [kWh] 261119998
Years: 12
Percentage of each power plant type:
*Coal:      25.999996 %
*Nuclear:   55.000000 %
*Wind:      2.000000 %
*Hydro:     0.999999 %
*Biomass:   5.000002 %
*Solar:     3.000001 %
*Gas:       7.000001 %
*Other:     1.000000 %
------------------------
Installed power of each power plant type:
*Coal:      5460979 kW
*Nuclear:   7471595 kW
*Wind:      852087 kW
*Hydro:     617653 kW
*Biomass:   929829 kW
*Solar:     2428432 kW
*Gas:       1708983 kW
*Other:     579731 kW
**************************************
**************************************
