####################################################
Yearly log #0
----------------------
Percentage of each power plant type:
*Coal:      46.799999 %
*Nuclear:   34.000000 %
*Wind:      0.700000 %
*Hydro:     1.900000 %
*Biomass:   5.500000 %
*Solar:     2.700000 %
*Gas:       7.100000 %
*Other:     1.300000 %
Installed power of each power plant type:
*Coal:      9130000 kW
*Nuclear:   4290000 kW
*Wind:      277000 kW
*Hydro:     1090000 kW
*Biomass:   950000 kW
*Solar:     2030000 kW
*Gas:       1610000 kW
*Other:     700000 kW
------------------------
GHG [g CO2 eq.]*10**9: 43603.589890
Production [GWh]: 88358
####################################################
Yearly log #1
----------------------
Percentage of each power plant type:
*Coal:      46.806248 %
*Nuclear:   34.000000 %
*Wind:      0.709375 %
*Hydro:     1.903125 %
*Biomass:   5.484375 %
*Solar:     2.709375 %
*Gas:       7.096875 %
*Other:     1.290625 %
Installed power of each power plant type:
*Coal:      9189687 kW
*Nuclear:   5943662 kW
*Wind:      282507 kW
*Hydro:     1098783 kW
*Biomass:   953366 kW
*Solar:     2050092 kW
*Gas:       1619595 kW
*Other:     699401 kW
------------------------
GHG [g CO2 eq.]*10**9: 43964.587069
Production [GWh]: 88653
####################################################
Yearly log #2
----------------------
Percentage of each power plant type:
*Coal:      46.812496 %
*Nuclear:   34.000000 %
*Wind:      0.718750 %
*Hydro:     1.906250 %
*Biomass:   5.468750 %
*Solar:     2.718750 %
*Gas:       7.093750 %
*Other:     1.281250 %
Installed power of each power plant type:
*Coal:      9249230 kW
*Nuclear:   5982173 kW
*Wind:      288056 kW
*Hydro:     1107570 kW
*Biomass:   956682 kW
*Solar:     2070238 kW
*Gas:       1629154 kW
*Other:     698726 kW
------------------------
GHG [g CO2 eq.]*10**9: 44080.260413
Production [GWh]: 89231
####################################################
Yearly log #3
----------------------
Percentage of each power plant type:
*Coal:      46.818745 %
*Nuclear:   34.000000 %
*Wind:      0.728125 %
*Hydro:     1.909375 %
*Biomass:   5.453125 %
*Solar:     2.728125 %
*Gas:       7.090624 %
*Other:     1.271875 %
Installed power of each power plant type:
*Coal:      9308787 kW
*Nuclear:   6020693 kW
*Wind:      293654 kW
*Hydro:     1116381 kW
*Biomass:   959963 kW
*Solar:     2090475 kW
*Gas:       1638703 kW
*Other:     697987 kW
------------------------
GHG [g CO2 eq.]*10**9: 44598.268116
Production [GWh]: 89786
####################################################
Yearly log #4
----------------------
Percentage of each power plant type:
*Coal:      46.824993 %
*Nuclear:   34.000000 %
*Wind:      0.737500 %
*Hydro:     1.912500 %
*Biomass:   5.437500 %
*Solar:     2.737500 %
*Gas:       7.087499 %
*Other:     1.262500 %
Installed power of each power plant type:
*Coal:      9368361 kW
*Nuclear:   6059224 kW
*Wind:      299298 kW
*Hydro:     1125214 kW
*Biomass:   963210 kW
*Solar:     2110801 kW
*Gas:       1648244 kW
*Other:     697183 kW
------------------------
GHG [g CO2 eq.]*10**9: 44530.594890
Production [GWh]: 90345
####################################################
Yearly log #5
----------------------
Percentage of each power plant type:
*Coal:      46.831242 %
*Nuclear:   34.000000 %
*Wind:      0.746875 %
*Hydro:     1.915625 %
*Biomass:   5.421875 %
*Solar:     2.746876 %
*Gas:       7.084374 %
*Other:     1.253125 %
Installed power of each power plant type:
*Coal:      9427951 kW
*Nuclear:   6097765 kW
*Wind:      304990 kW
*Hydro:     1134070 kW
*Biomass:   966422 kW
*Solar:     2131218 kW
*Gas:       1657775 kW
*Other:     696315 kW
------------------------
GHG [g CO2 eq.]*10**9: 44978.990073
Production [GWh]: 90919
####################################################
Yearly log #6
----------------------
Percentage of each power plant type:
*Coal:      46.837490 %
*Nuclear:   34.000000 %
*Wind:      0.756250 %
*Hydro:     1.918750 %
*Biomass:   5.406250 %
*Solar:     2.756251 %
*Gas:       7.081249 %
*Other:     1.243750 %
Installed power of each power plant type:
*Coal:      9487556 kW
*Nuclear:   6136316 kW
*Wind:      310729 kW
*Hydro:     1142949 kW
*Biomass:   969600 kW
*Solar:     2151725 kW
*Gas:       1667297 kW
*Other:     695382 kW
------------------------
GHG [g CO2 eq.]*10**9: 45524.326396
Production [GWh]: 91459
####################################################
Yearly log #7
----------------------
Percentage of each power plant type:
*Coal:      46.843739 %
*Nuclear:   34.000000 %
*Wind:      0.765625 %
*Hydro:     1.921875 %
*Biomass:   5.390625 %
*Solar:     2.765626 %
*Gas:       7.078124 %
*Other:     1.234375 %
Installed power of each power plant type:
*Coal:      9547176 kW
*Nuclear:   6174877 kW
*Wind:      316516 kW
*Hydro:     1151851 kW
*Biomass:   972743 kW
*Solar:     2172321 kW
*Gas:       1676810 kW
*Other:     694384 kW
------------------------
GHG [g CO2 eq.]*10**9: 45915.671271
Production [GWh]: 92052
####################################################
Yearly log #8
----------------------
Percentage of each power plant type:
*Coal:      46.849987 %
*Nuclear:   34.000000 %
*Wind:      0.775000 %
*Hydro:     1.925000 %
*Biomass:   5.375000 %
*Solar:     2.775001 %
*Gas:       7.074998 %
*Other:     1.225000 %
Installed power of each power plant type:
*Coal:      9606812 kW
*Nuclear:   6213449 kW
*Wind:      322350 kW
*Hydro:     1160776 kW
*Biomass:   975852 kW
*Solar:     2193008 kW
*Gas:       1686315 kW
*Other:     693323 kW
------------------------
GHG [g CO2 eq.]*10**9: 45960.809645
Production [GWh]: 92573
####################################################
Yearly log #9
----------------------
Percentage of each power plant type:
*Coal:      46.856236 %
*Nuclear:   34.000000 %
*Wind:      0.784375 %
*Hydro:     1.928125 %
*Biomass:   5.359375 %
*Solar:     2.784376 %
*Gas:       7.071873 %
*Other:     1.215625 %
Installed power of each power plant type:
*Coal:      9666463 kW
*Nuclear:   6252029 kW
*Wind:      328231 kW
*Hydro:     1169723 kW
*Biomass:   978927 kW
*Solar:     2213785 kW
*Gas:       1695810 kW
*Other:     692196 kW
------------------------
GHG [g CO2 eq.]*10**9: 46303.646319
Production [GWh]: 93183
####################################################
Yearly log #10
----------------------
Percentage of each power plant type:
*Coal:      46.862484 %
*Nuclear:   34.000000 %
*Wind:      0.793750 %
*Hydro:     1.931249 %
*Biomass:   5.343750 %
*Solar:     2.793751 %
*Gas:       7.068748 %
*Other:     1.206250 %
Installed power of each power plant type:
*Coal:      9726131 kW
*Nuclear:   6290621 kW
*Wind:      334160 kW
*Hydro:     1178694 kW
*Biomass:   981967 kW
*Solar:     2234651 kW
*Gas:       1705296 kW
*Other:     691006 kW
------------------------
GHG [g CO2 eq.]*10**9: 46390.598543
Production [GWh]: 93695
####################################################
Yearly log #11
----------------------
Percentage of each power plant type:
*Coal:      46.868732 %
*Nuclear:   34.000000 %
*Wind:      0.803125 %
*Hydro:     1.934374 %
*Biomass:   5.328125 %
*Solar:     2.803126 %
*Gas:       7.065623 %
*Other:     1.196875 %
Installed power of each power plant type:
*Coal:      9785814 kW
*Nuclear:   6329222 kW
*Wind:      340136 kW
*Hydro:     1187687 kW
*Biomass:   984972 kW
*Solar:     2255608 kW
*Gas:       1714773 kW
*Other:     689751 kW
------------------------
GHG [g CO2 eq.]*10**9: 46639.817301
Production [GWh]: 94307
####################################################
Yearly log #12
----------------------
Percentage of each power plant type:
*Coal:      46.874981 %
*Nuclear:   34.000000 %
*Wind:      0.812500 %
*Hydro:     1.937499 %
*Biomass:   5.312500 %
*Solar:     2.812501 %
*Gas:       7.062498 %
*Other:     1.187500 %
Installed power of each power plant type:
*Coal:      9845512 kW
*Nuclear:   6367834 kW
*Wind:      346160 kW
*Hydro:     1196703 kW
*Biomass:   987943 kW
*Solar:     2276655 kW
*Gas:       1724241 kW
*Other:     688431 kW
------------------------
GHG [g CO2 eq.]*10**9: 46755.146840
Production [GWh]: 94828
####################################################
Yearly log #13
----------------------
Percentage of each power plant type:
*Coal:      46.881229 %
*Nuclear:   34.000000 %
*Wind:      0.821875 %
*Hydro:     1.940624 %
*Biomass:   5.296875 %
*Solar:     2.821876 %
*Gas:       7.059372 %
*Other:     1.178125 %
Installed power of each power plant type:
*Coal:      9905226 kW
*Nuclear:   6406455 kW
*Wind:      352231 kW
*Hydro:     1205743 kW
*Biomass:   990880 kW
*Solar:     2297792 kW
*Gas:       1733700 kW
*Other:     687047 kW
------------------------
GHG [g CO2 eq.]*10**9: 46938.564936
Production [GWh]: 95421
####################################################
Yearly log #14
----------------------
Percentage of each power plant type:
*Coal:      46.887478 %
*Nuclear:   34.000000 %
*Wind:      0.831250 %
*Hydro:     1.943749 %
*Biomass:   5.281250 %
*Solar:     2.831251 %
*Gas:       7.056247 %
*Other:     1.168750 %
Installed power of each power plant type:
*Coal:      9964955 kW
*Nuclear:   6445086 kW
*Wind:      358349 kW
*Hydro:     1214805 kW
*Biomass:   993782 kW
*Solar:     2319018 kW
*Gas:       1743150 kW
*Other:     685598 kW
------------------------
GHG [g CO2 eq.]*10**9: 47451.642276
Production [GWh]: 95961
####################################################
Yearly log #15
----------------------
Percentage of each power plant type:
*Coal:      46.893726 %
*Nuclear:   34.000000 %
*Wind:      0.840625 %
*Hydro:     1.946874 %
*Biomass:   5.265625 %
*Solar:     2.840626 %
*Gas:       7.053122 %
*Other:     1.159375 %
Installed power of each power plant type:
*Coal:      10024700 kW
*Nuclear:   6483728 kW
*Wind:      364515 kW
*Hydro:     1223890 kW
*Biomass:   996649 kW
*Solar:     2340335 kW
*Gas:       1752591 kW
*Other:     684085 kW
------------------------
GHG [g CO2 eq.]*10**9: 48168.461509
Production [GWh]: 96535
####################################################
Yearly log #16
----------------------
Percentage of each power plant type:
*Coal:      46.899975 %
*Nuclear:   34.000000 %
*Wind:      0.850000 %
*Hydro:     1.949999 %
*Biomass:   5.250000 %
*Solar:     2.850002 %
*Gas:       7.049997 %
*Other:     1.150000 %
Installed power of each power plant type:
*Coal:      10084461 kW
*Nuclear:   6522380 kW
*Wind:      370728 kW
*Hydro:     1232998 kW
*Biomass:   999482 kW
*Solar:     2361742 kW
*Gas:       1762023 kW
*Other:     682508 kW
------------------------
GHG [g CO2 eq.]*10**9: 47966.031514
Production [GWh]: 97093
####################################################
Yearly log #17
----------------------
Percentage of each power plant type:
*Coal:      46.906223 %
*Nuclear:   34.000000 %
*Wind:      0.859375 %
*Hydro:     1.953124 %
*Biomass:   5.234375 %
*Solar:     2.859377 %
*Gas:       7.046872 %
*Other:     1.140625 %
Installed power of each power plant type:
*Coal:      10144236 kW
*Nuclear:   6561041 kW
*Wind:      376988 kW
*Hydro:     1242128 kW
*Biomass:   1002281 kW
*Solar:     2383239 kW
*Gas:       1771445 kW
*Other:     680866 kW
------------------------
GHG [g CO2 eq.]*10**9: 48708.951818
Production [GWh]: 97648
####################################################
Yearly log #18
----------------------
Percentage of each power plant type:
*Coal:      46.912472 %
*Nuclear:   34.000000 %
*Wind:      0.868750 %
*Hydro:     1.956249 %
*Biomass:   5.218750 %
*Solar:     2.868752 %
*Gas:       7.043746 %
*Other:     1.131250 %
Installed power of each power plant type:
*Coal:      10204029 kW
*Nuclear:   6599713 kW
*Wind:      383296 kW
*Hydro:     1251282 kW
*Biomass:   1005045 kW
*Solar:     2404826 kW
*Gas:       1780859 kW
*Other:     679159 kW
------------------------
GHG [g CO2 eq.]*10**9: 48670.082053
Production [GWh]: 98225
####################################################
Yearly log #19
----------------------
Percentage of each power plant type:
*Coal:      46.918720 %
*Nuclear:   34.000000 %
*Wind:      0.878125 %
*Hydro:     1.959374 %
*Biomass:   5.203125 %
*Solar:     2.878127 %
*Gas:       7.040621 %
*Other:     1.121875 %
Installed power of each power plant type:
*Coal:      10263836 kW
*Nuclear:   6638395 kW
*Wind:      389651 kW
*Hydro:     1260459 kW
*Biomass:   1007775 kW
*Solar:     2426503 kW
*Gas:       1790264 kW
*Other:     677388 kW
------------------------
GHG [g CO2 eq.]*10**9: 48760.388088
Production [GWh]: 98762
####################################################
Yearly log #20
----------------------
Percentage of each power plant type:
*Coal:      46.924969 %
*Nuclear:   34.000000 %
*Wind:      0.887500 %
*Hydro:     1.962499 %
*Biomass:   5.187500 %
*Solar:     2.887502 %
*Gas:       7.037496 %
*Other:     1.112500 %
Installed power of each power plant type:
*Coal:      10323659 kW
*Nuclear:   6677087 kW
*Wind:      396054 kW
*Hydro:     1269658 kW
*Biomass:   1010470 kW
*Solar:     2448270 kW
*Gas:       1799659 kW
*Other:     675553 kW
------------------------
GHG [g CO2 eq.]*10**9: 49219.334902
Production [GWh]: 99358
####################################################
Yearly log #21
----------------------
Percentage of each power plant type:
*Coal:      46.931217 %
*Nuclear:   34.000000 %
*Wind:      0.896874 %
*Hydro:     1.965624 %
*Biomass:   5.171875 %
*Solar:     2.896877 %
*Gas:       7.034371 %
*Other:     1.103125 %
Installed power of each power plant type:
*Coal:      10383496 kW
*Nuclear:   6715789 kW
*Wind:      402504 kW
*Hydro:     1278881 kW
*Biomass:   1013131 kW
*Solar:     2470126 kW
*Gas:       1809046 kW
*Other:     673653 kW
------------------------
GHG [g CO2 eq.]*10**9: 49270.045070
Production [GWh]: 99876
####################################################
Yearly log #22
----------------------
Percentage of each power plant type:
*Coal:      46.937466 %
*Nuclear:   34.000000 %
*Wind:      0.906249 %
*Hydro:     1.968749 %
*Biomass:   5.156250 %
*Solar:     2.906252 %
*Gas:       7.031246 %
*Other:     1.093750 %
Installed power of each power plant type:
*Coal:      10443352 kW
*Nuclear:   6754502 kW
*Wind:      409001 kW
*Hydro:     1288126 kW
*Biomass:   1015757 kW
*Solar:     2492073 kW
*Gas:       1818423 kW
*Other:     671689 kW
------------------------
GHG [g CO2 eq.]*10**9: 49615.070767
Production [GWh]: 100491
####################################################
Yearly log #23
----------------------
Percentage of each power plant type:
*Coal:      46.943714 %
*Nuclear:   34.000000 %
*Wind:      0.915624 %
*Hydro:     1.971874 %
*Biomass:   5.140625 %
*Solar:     2.915627 %
*Gas:       7.028121 %
*Other:     1.084376 %
Installed power of each power plant type:
*Coal:      10503221 kW
*Nuclear:   6793224 kW
*Wind:      415546 kW
*Hydro:     1297394 kW
*Biomass:   1018349 kW
*Solar:     2514110 kW
*Gas:       1827792 kW
*Other:     669660 kW
------------------------
GHG [g CO2 eq.]*10**9: 50340.113054
Production [GWh]: 101003
####################################################
Yearly log #24
----------------------
Percentage of each power plant type:
*Coal:      46.949963 %
*Nuclear:   34.000000 %
*Wind:      0.924999 %
*Hydro:     1.974999 %
*Biomass:   5.125000 %
*Solar:     2.925002 %
*Gas:       7.024995 %
*Other:     1.075001 %
Installed power of each power plant type:
*Coal:      10563106 kW
*Nuclear:   6831955 kW
*Wind:      422138 kW
*Hydro:     1306685 kW
*Biomass:   1020907 kW
*Solar:     2536237 kW
*Gas:       1837151 kW
*Other:     667566 kW
------------------------
GHG [g CO2 eq.]*10**9: 50467.922503
Production [GWh]: 101611
####################################################
Yearly log #25
----------------------
Percentage of each power plant type:
*Coal:      46.956211 %
*Nuclear:   34.000000 %
*Wind:      0.934374 %
*Hydro:     1.978124 %
*Biomass:   5.109375 %
*Solar:     2.934377 %
*Gas:       7.021870 %
*Other:     1.065626 %
Installed power of each power plant type:
*Coal:      10623006 kW
*Nuclear:   6870697 kW
*Wind:      428777 kW
*Hydro:     1315999 kW
*Biomass:   1023430 kW
*Solar:     2558454 kW
*Gas:       1846501 kW
*Other:     665409 kW
------------------------
GHG [g CO2 eq.]*10**9: 50429.035120
Production [GWh]: 102134
####################################################
Yearly log #26
----------------------
Percentage of each power plant type:
*Coal:      46.962460 %
*Nuclear:   34.000000 %
*Wind:      0.943749 %
*Hydro:     1.981249 %
*Biomass:   5.093750 %
*Solar:     2.943753 %
*Gas:       7.018745 %
*Other:     1.056251 %
Installed power of each power plant type:
*Coal:      10682924 kW
*Nuclear:   6909451 kW
*Wind:      435464 kW
*Hydro:     1325336 kW
*Biomass:   1025918 kW
*Solar:     2580761 kW
*Gas:       1855843 kW
*Other:     663186 kW
------------------------
GHG [g CO2 eq.]*10**9: 50963.404731
Production [GWh]: 102724
####################################################
Yearly log #27
----------------------
Percentage of each power plant type:
*Coal:      46.968708 %
*Nuclear:   34.000000 %
*Wind:      0.953124 %
*Hydro:     1.984374 %
*Biomass:   5.078125 %
*Solar:     2.953128 %
*Gas:       7.015620 %
*Other:     1.046876 %
Installed power of each power plant type:
*Coal:      10742855 kW
*Nuclear:   6948213 kW
*Wind:      442198 kW
*Hydro:     1334696 kW
*Biomass:   1028372 kW
*Solar:     2603158 kW
*Gas:       1865175 kW
*Other:     660900 kW
------------------------
GHG [g CO2 eq.]*10**9: 51114.729509
Production [GWh]: 103267
####################################################
Yearly log #28
----------------------
Percentage of each power plant type:
*Coal:      46.974957 %
*Nuclear:   34.000000 %
*Wind:      0.962499 %
*Hydro:     1.987499 %
*Biomass:   5.062500 %
*Solar:     2.962503 %
*Gas:       7.012495 %
*Other:     1.037501 %
Installed power of each power plant type:
*Coal:      10802802 kW
*Nuclear:   6986985 kW
*Wind:      448980 kW
*Hydro:     1344079 kW
*Biomass:   1030792 kW
*Solar:     2625645 kW
*Gas:       1874498 kW
*Other:     658549 kW
------------------------
GHG [g CO2 eq.]*10**9: 51404.350682
Production [GWh]: 103838
####################################################
Yearly log #29
----------------------
Percentage of each power plant type:
*Coal:      46.981205 %
*Nuclear:   34.000000 %
*Wind:      0.971874 %
*Hydro:     1.990624 %
*Biomass:   5.046875 %
*Solar:     2.971878 %
*Gas:       7.009369 %
*Other:     1.028126 %
Installed power of each power plant type:
*Coal:      10862765 kW
*Nuclear:   7025768 kW
*Wind:      455809 kW
*Hydro:     1353484 kW
*Biomass:   1033177 kW
*Solar:     2648222 kW
*Gas:       1883812 kW
*Other:     656133 kW
------------------------
GHG [g CO2 eq.]*10**9: 52081.100232
Production [GWh]: 104400
####################################################
Yearly log #30
----------------------
Percentage of each power plant type:
*Coal:      46.987453 %
*Nuclear:   34.000000 %
*Wind:      0.981249 %
*Hydro:     1.993749 %
*Biomass:   5.031250 %
*Solar:     2.981253 %
*Gas:       7.006244 %
*Other:     1.018751 %
Installed power of each power plant type:
*Coal:      10922744 kW
*Nuclear:   7064561 kW
*Wind:      462685 kW
*Hydro:     1362912 kW
*Biomass:   1035527 kW
*Solar:     2670890 kW
*Gas:       1893117 kW
*Other:     653653 kW
------------------------
GHG [g CO2 eq.]*10**9: 51873.248537
Production [GWh]: 104952
####################################################
Yearly log #31
----------------------
Percentage of each power plant type:
*Coal:      46.993702 %
*Nuclear:   34.000000 %
*Wind:      0.990624 %
*Hydro:     1.996873 %
*Biomass:   5.015625 %
*Solar:     2.990628 %
*Gas:       7.003119 %
*Other:     1.009376 %
Installed power of each power plant type:
*Coal:      10982738 kW
*Nuclear:   7103363 kW
*Wind:      469609 kW
*Hydro:     1372364 kW
*Biomass:   1037843 kW
*Solar:     2693647 kW
*Gas:       1902414 kW
*Other:     651108 kW
------------------------
GHG [g CO2 eq.]*10**9: 52260.028789
Production [GWh]: 105533
####################################################
Yearly log #32
----------------------
Percentage of each power plant type:
*Coal:      46.999950 %
*Nuclear:   34.000000 %
*Wind:      0.999999 %
*Hydro:     1.999998 %
*Biomass:   5.000000 %
*Solar:     3.000003 %
*Gas:       6.999994 %
*Other:     1.000001 %
Installed power of each power plant type:
*Coal:      11042747 kW
*Nuclear:   7142176 kW
*Wind:      476580 kW
*Hydro:     1381838 kW
*Biomass:   1040125 kW
*Solar:     2716494 kW
*Gas:       1911701 kW
*Other:     648499 kW
------------------------
GHG [g CO2 eq.]*10**9: 51917.874960
Production [GWh]: 106066
**************************************
**************************************
Total log
----------------------
GHG [g CO2 eq.]*10**12: 1534.948813
Daily production [kWh] 291911398
Years: 32
Percentage of each power plant type:
*Coal:      46.999950 %
*Nuclear:   34.000000 %
*Wind:      0.999999 %
*Hydro:     1.999998 %
*Biomass:   5.000000 %
*Solar:     3.000003 %
*Gas:       6.999994 %
*Other:     1.000001 %
------------------------
Installed power of each power plant type:
*Coal:      11042747 kW
*Nuclear:   7142176 kW
*Wind:      476580 kW
*Hydro:     1381838 kW
*Biomass:   1040125 kW
*Solar:     2716494 kW
*Gas:       1911701 kW
*Other:     648499 kW
**************************************
**************************************
