####################################################
Yearly log #0
----------------------
Percentage of each power plant type:
*Coal:      46.799999 %
*Nuclear:   34.000000 %
*Wind:      0.700000 %
*Hydro:     1.900000 %
*Biomass:   5.500000 %
*Solar:     2.700000 %
*Gas:       7.100000 %
*Other:     1.300000 %
Installed power of each power plant type:
*Coal:      9130000 kW
*Nuclear:   4290000 kW
*Wind:      277000 kW
*Hydro:     1090000 kW
*Biomass:   950000 kW
*Solar:     2030000 kW
*Gas:       1610000 kW
*Other:     700000 kW
------------------------
GHG [g CO2 eq.]*10**9: 43822.347418
Production [GWh]: 88358
####################################################
Yearly log #1
----------------------
Percentage of each power plant type:
*Coal:      45.337498 %
*Nuclear:   35.281250 %
*Wind:      0.803125 %
*Hydro:     1.934375 %
*Biomass:   5.453125 %
*Solar:     2.865625 %
*Gas:       7.003125 %
*Other:     1.321875 %
Installed power of each power plant type:
*Coal:      8901320 kW
*Nuclear:   4480167 kW
*Wind:      319842 kW
*Hydro:     1116825 kW
*Biomass:   947934 kW
*Solar:     2168321 kW
*Gas:       1598200 kW
*Other:     716336 kW
------------------------
GHG [g CO2 eq.]*10**9: 42648.682340
Production [GWh]: 88653
####################################################
Yearly log #2
----------------------
Percentage of each power plant type:
*Coal:      43.874996 %
*Nuclear:   36.562500 %
*Wind:      0.906250 %
*Hydro:     1.968750 %
*Biomass:   5.406250 %
*Solar:     3.031250 %
*Gas:       6.906250 %
*Other:     1.343750 %
Installed power of each power plant type:
*Coal:      8668837 kW
*Nuclear:   4672325 kW
*Wind:      363202 kW
*Hydro:     1143884 kW
*Biomass:   945748 kW
*Solar:     2308197 kW
*Gas:       1586092 kW
*Other:     732810 kW
------------------------
GHG [g CO2 eq.]*10**9: 41856.711574
Production [GWh]: 89231
####################################################
Yearly log #3
----------------------
Percentage of each power plant type:
*Coal:      42.412495 %
*Nuclear:   37.843750 %
*Wind:      1.009375 %
*Hydro:     2.003125 %
*Biomass:   5.359375 %
*Solar:     3.196875 %
*Gas:       6.809374 %
*Other:     1.365625 %
Installed power of each power plant type:
*Coal:      8432711 kW
*Nuclear:   4866547 kW
*Wind:      407082 kW
*Hydro:     1171195 kW
*Biomass:   943459 kW
*Solar:     2449663 kW
*Gas:       1573704 kW
*Other:     749436 kW
------------------------
GHG [g CO2 eq.]*10**9: 40480.541824
Production [GWh]: 89786
####################################################
Yearly log #4
----------------------
Percentage of each power plant type:
*Coal:      40.949993 %
*Nuclear:   39.125000 %
*Wind:      1.112500 %
*Hydro:     2.037500 %
*Biomass:   5.312500 %
*Solar:     3.362500 %
*Gas:       6.712499 %
*Other:     1.387500 %
Installed power of each power plant type:
*Coal:      8192939 kW
*Nuclear:   5062834 kW
*Wind:      451484 kW
*Hydro:     1198757 kW
*Biomass:   941067 kW
*Solar:     2592720 kW
*Gas:       1561035 kW
*Other:     766211 kW
------------------------
GHG [g CO2 eq.]*10**9: 39774.161293
Production [GWh]: 90345
####################################################
Yearly log #5
----------------------
Percentage of each power plant type:
*Coal:      39.487492 %
*Nuclear:   40.406250 %
*Wind:      1.215625 %
*Hydro:     2.071875 %
*Biomass:   5.265625 %
*Solar:     3.528126 %
*Gas:       6.615624 %
*Other:     1.409375 %
Installed power of each power plant type:
*Coal:      7949525 kW
*Nuclear:   5261185 kW
*Wind:      496407 kW
*Hydro:     1226572 kW
*Biomass:   938571 kW
*Solar:     2737366 kW
*Gas:       1548085 kW
*Other:     783137 kW
------------------------
GHG [g CO2 eq.]*10**9: 38497.257809
Production [GWh]: 90919
####################################################
Yearly log #6
----------------------
Percentage of each power plant type:
*Coal:      38.024990 %
*Nuclear:   41.687500 %
*Wind:      1.318750 %
*Hydro:     2.106250 %
*Biomass:   5.218750 %
*Solar:     3.693751 %
*Gas:       6.518749 %
*Other:     1.431250 %
Installed power of each power plant type:
*Coal:      7702467 kW
*Nuclear:   5461601 kW
*Wind:      541851 kW
*Hydro:     1254638 kW
*Biomass:   935972 kW
*Solar:     2883604 kW
*Gas:       1534855 kW
*Other:     800213 kW
------------------------
GHG [g CO2 eq.]*10**9: 37367.211812
Production [GWh]: 91459
####################################################
Yearly log #7
----------------------
Percentage of each power plant type:
*Coal:      36.562489 %
*Nuclear:   42.968750 %
*Wind:      1.421875 %
*Hydro:     2.140625 %
*Biomass:   5.171875 %
*Solar:     3.859376 %
*Gas:       6.421874 %
*Other:     1.453125 %
Installed power of each power plant type:
*Coal:      7451764 kW
*Nuclear:   5664082 kW
*Wind:      587816 kW
*Hydro:     1282956 kW
*Biomass:   933270 kW
*Solar:     3031431 kW
*Gas:       1521345 kW
*Other:     817440 kW
------------------------
GHG [g CO2 eq.]*10**9: 36070.440505
Production [GWh]: 92052
####################################################
Yearly log #8
----------------------
Percentage of each power plant type:
*Coal:      35.099987 %
*Nuclear:   44.250000 %
*Wind:      1.525000 %
*Hydro:     2.175000 %
*Biomass:   5.125000 %
*Solar:     4.025001 %
*Gas:       6.324998 %
*Other:     1.475000 %
Installed power of each power plant type:
*Coal:      7197419 kW
*Nuclear:   5868627 kW
*Wind:      634302 kW
*Hydro:     1311526 kW
*Biomass:   930464 kW
*Solar:     3180849 kW
*Gas:       1507553 kW
*Other:     834817 kW
------------------------
GHG [g CO2 eq.]*10**9: 35418.842503
Production [GWh]: 92573
####################################################
Yearly log #9
----------------------
Percentage of each power plant type:
*Coal:      33.637486 %
*Nuclear:   45.531250 %
*Wind:      1.628125 %
*Hydro:     2.209375 %
*Biomass:   5.078125 %
*Solar:     4.190626 %
*Gas:       6.228123 %
*Other:     1.496875 %
Installed power of each power plant type:
*Coal:      6939429 kW
*Nuclear:   6075236 kW
*Wind:      681309 kW
*Hydro:     1340347 kW
*Biomass:   927554 kW
*Solar:     3331857 kW
*Gas:       1493481 kW
*Other:     852345 kW
------------------------
GHG [g CO2 eq.]*10**9: 33925.765763
Production [GWh]: 93183
####################################################
Yearly log #10
----------------------
Percentage of each power plant type:
*Coal:      32.174984 %
*Nuclear:   46.812500 %
*Wind:      1.731250 %
*Hydro:     2.243750 %
*Biomass:   5.031250 %
*Solar:     4.356251 %
*Gas:       6.131248 %
*Other:     1.518750 %
Installed power of each power plant type:
*Coal:      6677796 kW
*Nuclear:   6283911 kW
*Wind:      728838 kW
*Hydro:     1369421 kW
*Biomass:   924542 kW
*Solar:     3484456 kW
*Gas:       1479129 kW
*Other:     870023 kW
------------------------
GHG [g CO2 eq.]*10**9: 33126.015245
Production [GWh]: 93695
####################################################
Yearly log #11
----------------------
Percentage of each power plant type:
*Coal:      30.712484 %
*Nuclear:   48.093750 %
*Wind:      1.834375 %
*Hydro:     2.278125 %
*Biomass:   4.984375 %
*Solar:     4.521876 %
*Gas:       6.034373 %
*Other:     1.540625 %
Installed power of each power plant type:
*Coal:      6412519 kW
*Nuclear:   6494650 kW
*Wind:      776888 kW
*Hydro:     1398746 kW
*Biomass:   921425 kW
*Solar:     3638645 kW
*Gas:       1464496 kW
*Other:     887851 kW
------------------------
GHG [g CO2 eq.]*10**9: 31797.812480
Production [GWh]: 94307
####################################################
Yearly log #12
----------------------
Percentage of each power plant type:
*Coal:      29.249985 %
*Nuclear:   49.375000 %
*Wind:      1.937500 %
*Hydro:     2.312500 %
*Biomass:   4.937500 %
*Solar:     4.687501 %
*Gas:       5.937498 %
*Other:     1.562500 %
Installed power of each power plant type:
*Coal:      6143599 kW
*Nuclear:   6707454 kW
*Wind:      825459 kW
*Hydro:     1428324 kW
*Biomass:   918206 kW
*Solar:     3794424 kW
*Gas:       1449583 kW
*Other:     905830 kW
------------------------
GHG [g CO2 eq.]*10**9: 30698.825363
Production [GWh]: 94828
####################################################
Yearly log #13
----------------------
Percentage of each power plant type:
*Coal:      27.787485 %
*Nuclear:   50.656250 %
*Wind:      2.040625 %
*Hydro:     2.346874 %
*Biomass:   4.890625 %
*Solar:     4.853126 %
*Gas:       5.840622 %
*Other:     1.584375 %
Installed power of each power plant type:
*Coal:      5871034 kW
*Nuclear:   6922322 kW
*Wind:      874551 kW
*Hydro:     1458153 kW
*Biomass:   914883 kW
*Solar:     3951793 kW
*Gas:       1434389 kW
*Other:     923960 kW
------------------------
GHG [g CO2 eq.]*10**9: 29464.003208
Production [GWh]: 95421
####################################################
Yearly log #14
----------------------
Percentage of each power plant type:
*Coal:      26.324986 %
*Nuclear:   51.937500 %
*Wind:      2.143750 %
*Hydro:     2.381249 %
*Biomass:   4.843750 %
*Solar:     5.018751 %
*Gas:       5.743747 %
*Other:     1.606250 %
Installed power of each power plant type:
*Coal:      5594826 kW
*Nuclear:   7139256 kW
*Wind:      924164 kW
*Hydro:     1488234 kW
*Biomass:   911457 kW
*Solar:     4110754 kW
*Gas:       1418914 kW
*Other:     942239 kW
------------------------
GHG [g CO2 eq.]*10**9: 27954.559168
Production [GWh]: 95961
####################################################
Yearly log #15
----------------------
Percentage of each power plant type:
*Coal:      24.862486 %
*Nuclear:   53.218750 %
*Wind:      2.246875 %
*Hydro:     2.415624 %
*Biomass:   4.796875 %
*Solar:     5.184376 %
*Gas:       5.646872 %
*Other:     1.628125 %
Installed power of each power plant type:
*Coal:      5314974 kW
*Nuclear:   7358253 kW
*Wind:      974299 kW
*Hydro:     1518567 kW
*Biomass:   907927 kW
*Solar:     4271304 kW
*Gas:       1403159 kW
*Other:     960669 kW
------------------------
GHG [g CO2 eq.]*10**9: 26831.872603
Production [GWh]: 96535
####################################################
Yearly log #16
----------------------
Percentage of each power plant type:
*Coal:      23.399986 %
*Nuclear:   54.500000 %
*Wind:      2.350000 %
*Hydro:     2.449999 %
*Biomass:   4.750000 %
*Solar:     5.350001 %
*Gas:       5.549997 %
*Other:     1.650000 %
Installed power of each power plant type:
*Coal:      5031479 kW
*Nuclear:   7579316 kW
*Wind:      1024954 kW
*Hydro:     1549151 kW
*Biomass:   904294 kW
*Solar:     4433445 kW
*Gas:       1387124 kW
*Other:     979250 kW
------------------------
GHG [g CO2 eq.]*10**9: 25745.636169
Production [GWh]: 97093
####################################################
Yearly log #17
----------------------
Percentage of each power plant type:
*Coal:      21.937487 %
*Nuclear:   55.781250 %
*Wind:      2.453125 %
*Hydro:     2.484374 %
*Biomass:   4.703125 %
*Solar:     5.515626 %
*Gas:       5.453122 %
*Other:     1.671875 %
Installed power of each power plant type:
*Coal:      4744339 kW
*Nuclear:   7802442 kW
*Wind:      1076131 kW
*Hydro:     1579988 kW
*Biomass:   900557 kW
*Solar:     4597175 kW
*Gas:       1370808 kW
*Other:     997981 kW
------------------------
GHG [g CO2 eq.]*10**9: 24513.245264
Production [GWh]: 97648
####################################################
Yearly log #18
----------------------
Percentage of each power plant type:
*Coal:      20.474987 %
*Nuclear:   57.062500 %
*Wind:      2.556250 %
*Hydro:     2.518749 %
*Biomass:   4.656250 %
*Solar:     5.681252 %
*Gas:       5.356246 %
*Other:     1.693750 %
Installed power of each power plant type:
*Coal:      4453557 kW
*Nuclear:   8027634 kW
*Wind:      1127829 kW
*Hydro:     1611076 kW
*Biomass:   896717 kW
*Solar:     4762497 kW
*Gas:       1354211 kW
*Other:     1016863 kW
------------------------
GHG [g CO2 eq.]*10**9: 23416.374090
Production [GWh]: 98225
####################################################
Yearly log #19
----------------------
Percentage of each power plant type:
*Coal:      19.012487 %
*Nuclear:   58.343750 %
*Wind:      2.659375 %
*Hydro:     2.553124 %
*Biomass:   4.609375 %
*Solar:     5.846877 %
*Gas:       5.259371 %
*Other:     1.715625 %
Installed power of each power plant type:
*Coal:      4159130 kW
*Nuclear:   8254890 kW
*Wind:      1180048 kW
*Hydro:     1642417 kW
*Biomass:   892774 kW
*Solar:     4929408 kW
*Gas:       1337334 kW
*Other:     1035895 kW
------------------------
GHG [g CO2 eq.]*10**9: 22063.590102
Production [GWh]: 98762
####################################################
Yearly log #20
----------------------
Percentage of each power plant type:
*Coal:      17.549988 %
*Nuclear:   59.625000 %
*Wind:      2.762501 %
*Hydro:     2.587499 %
*Biomass:   4.562500 %
*Solar:     6.012502 %
*Gas:       5.162496 %
*Other:     1.737500 %
Installed power of each power plant type:
*Coal:      3861059 kW
*Nuclear:   8484212 kW
*Wind:      1232789 kW
*Hydro:     1674009 kW
*Biomass:   888727 kW
*Solar:     5097911 kW
*Gas:       1320176 kW
*Other:     1055077 kW
------------------------
GHG [g CO2 eq.]*10**9: 20850.325811
Production [GWh]: 99358
####################################################
Yearly log #21
----------------------
Percentage of each power plant type:
*Coal:      16.087488 %
*Nuclear:   60.906250 %
*Wind:      2.865626 %
*Hydro:     2.621874 %
*Biomass:   4.515625 %
*Solar:     6.178127 %
*Gas:       5.065621 %
*Other:     1.759375 %
Installed power of each power plant type:
*Coal:      3559344 kW
*Nuclear:   8715596 kW
*Wind:      1286050 kW
*Hydro:     1705853 kW
*Biomass:   884577 kW
*Solar:     5268002 kW
*Gas:       1302737 kW
*Other:     1074410 kW
------------------------
GHG [g CO2 eq.]*10**9: 19355.219178
Production [GWh]: 99876
####################################################
Yearly log #22
----------------------
Percentage of each power plant type:
*Coal:      14.624989 %
*Nuclear:   62.187500 %
*Wind:      2.968751 %
*Hydro:     2.656249 %
*Biomass:   4.468750 %
*Solar:     6.343752 %
*Gas:       4.968746 %
*Other:     1.781250 %
Installed power of each power plant type:
*Coal:      3253986 kW
*Nuclear:   8949047 kW
*Wind:      1339833 kW
*Hydro:     1737948 kW
*Biomass:   880323 kW
*Solar:     5439685 kW
*Gas:       1285019 kW
*Other:     1093893 kW
------------------------
GHG [g CO2 eq.]*10**9: 17989.328321
Production [GWh]: 100491
####################################################
Yearly log #23
----------------------
Percentage of each power plant type:
*Coal:      13.162489 %
*Nuclear:   63.468750 %
*Wind:      3.071876 %
*Hydro:     2.690624 %
*Biomass:   4.421875 %
*Solar:     6.509377 %
*Gas:       4.871871 %
*Other:     1.803126 %
Installed power of each power plant type:
*Coal:      2944984 kW
*Nuclear:   9184561 kW
*Wind:      1394137 kW
*Hydro:     1770296 kW
*Biomass:   875966 kW
*Solar:     5612958 kW
*Gas:       1267019 kW
*Other:     1113527 kW
------------------------
GHG [g CO2 eq.]*10**9: 16773.925267
Production [GWh]: 101003
####################################################
Yearly log #24
----------------------
Percentage of each power plant type:
*Coal:      11.699989 %
*Nuclear:   64.750000 %
*Wind:      3.175001 %
*Hydro:     2.724999 %
*Biomass:   4.375000 %
*Solar:     6.675002 %
*Gas:       4.774995 %
*Other:     1.825001 %
Installed power of each power plant type:
*Coal:      2632339 kW
*Nuclear:   9422140 kW
*Wind:      1448962 kW
*Hydro:     1802896 kW
*Biomass:   871506 kW
*Solar:     5787821 kW
*Gas:       1248739 kW
*Other:     1133311 kW
------------------------
GHG [g CO2 eq.]*10**9: 15298.091913
Production [GWh]: 101611
####################################################
Yearly log #25
----------------------
Percentage of each power plant type:
*Coal:      10.237490 %
*Nuclear:   66.031250 %
*Wind:      3.278126 %
*Hydro:     2.759374 %
*Biomass:   4.328125 %
*Solar:     6.840627 %
*Gas:       4.678120 %
*Other:     1.846876 %
Installed power of each power plant type:
*Coal:      2316049 kW
*Nuclear:   9661784 kW
*Wind:      1504308 kW
*Hydro:     1835747 kW
*Biomass:   866942 kW
*Solar:     5964275 kW
*Gas:       1230179 kW
*Other:     1153245 kW
------------------------
GHG [g CO2 eq.]*10**9: 13995.644107
Production [GWh]: 102134
####################################################
Yearly log #26
----------------------
Percentage of each power plant type:
*Coal:      8.774990 %
*Nuclear:   67.312500 %
*Wind:      3.381251 %
*Hydro:     2.793749 %
*Biomass:   4.281250 %
*Solar:     7.006252 %
*Gas:       4.581245 %
*Other:     1.868751 %
Installed power of each power plant type:
*Coal:      1996116 kW
*Nuclear:   9903493 kW
*Wind:      1560175 kW
*Hydro:     1868850 kW
*Biomass:   862275 kW
*Solar:     6142319 kW
*Gas:       1211337 kW
*Other:     1173330 kW
------------------------
GHG [g CO2 eq.]*10**9: 12664.443861
Production [GWh]: 102724
####################################################
Yearly log #27
----------------------
Percentage of each power plant type:
*Coal:      7.312490 %
*Nuclear:   68.593750 %
*Wind:      3.484376 %
*Hydro:     2.828124 %
*Biomass:   4.234375 %
*Solar:     7.171877 %
*Gas:       4.484370 %
*Other:     1.890626 %
Installed power of each power plant type:
*Coal:      1672539 kW
*Nuclear:   10147266 kW
*Wind:      1616564 kW
*Hydro:     1902205 kW
*Biomass:   857504 kW
*Solar:     6321953 kW
*Gas:       1192216 kW
*Other:     1193565 kW
------------------------
GHG [g CO2 eq.]*10**9: 11327.374462
Production [GWh]: 103267
####################################################
Yearly log #28
----------------------
Percentage of each power plant type:
*Coal:      5.849990 %
*Nuclear:   69.875000 %
*Wind:      3.587501 %
*Hydro:     2.862499 %
*Biomass:   4.187500 %
*Solar:     7.337502 %
*Gas:       4.387495 %
*Other:     1.912501 %
Installed power of each power plant type:
*Coal:      1345318 kW
*Nuclear:   10393104 kW
*Wind:      1673473 kW
*Hydro:     1935812 kW
*Biomass:   852630 kW
*Solar:     6503178 kW
*Gas:       1172814 kW
*Other:     1213951 kW
------------------------
GHG [g CO2 eq.]*10**9: 9777.746496
Production [GWh]: 103838
####################################################
Yearly log #29
----------------------
Percentage of each power plant type:
*Coal:      4.387490 %
*Nuclear:   71.156250 %
*Wind:      3.690626 %
*Hydro:     2.896874 %
*Biomass:   4.140625 %
*Solar:     7.503128 %
*Gas:       4.290619 %
*Other:     1.934376 %
Installed power of each power plant type:
*Coal:      1014453 kW
*Nuclear:   10641006 kW
*Wind:      1730904 kW
*Hydro:     1969671 kW
*Biomass:   847653 kW
*Solar:     6685992 kW
*Gas:       1153131 kW
*Other:     1234487 kW
------------------------
GHG [g CO2 eq.]*10**9: 8400.381174
Production [GWh]: 104400
####################################################
Yearly log #30
----------------------
Percentage of each power plant type:
*Coal:      2.924990 %
*Nuclear:   72.437500 %
*Wind:      3.793751 %
*Hydro:     2.931249 %
*Biomass:   4.093750 %
*Solar:     7.668753 %
*Gas:       4.193744 %
*Other:     1.956251 %
Installed power of each power plant type:
*Coal:      679945 kW
*Nuclear:   10890973 kW
*Wind:      1788856 kW
*Hydro:     2003781 kW
*Biomass:   842572 kW
*Solar:     6870398 kW
*Gas:       1133168 kW
*Other:     1255174 kW
------------------------
GHG [g CO2 eq.]*10**9: 6802.822433
Production [GWh]: 104952
####################################################
Yearly log #31
----------------------
Percentage of each power plant type:
*Coal:      1.462490 %
*Nuclear:   73.718750 %
*Wind:      3.896877 %
*Hydro:     2.965624 %
*Biomass:   4.046875 %
*Solar:     7.834378 %
*Gas:       4.096869 %
*Other:     1.978126 %
Installed power of each power plant type:
*Coal:      341793 kW
*Nuclear:   11143006 kW
*Wind:      1847329 kW
*Hydro:     2038144 kW
*Biomass:   837387 kW
*Solar:     7056393 kW
*Gas:       1112924 kW
*Other:     1276011 kW
------------------------
GHG [g CO2 eq.]*10**9: 5324.441139
Production [GWh]: 105533
####################################################
Yearly log #32
----------------------
Percentage of each power plant type:
*Coal:      0.000000 %
*Nuclear:   75.000000 %
*Wind:      4.000001 %
*Hydro:     2.999999 %
*Biomass:   4.000000 %
*Solar:     8.000003 %
*Gas:       3.999994 %
*Other:     2.000001 %
Installed power of each power plant type:
*Coal:      0 kW
*Nuclear:   11397102 kW
*Wind:      1906323 kW
*Hydro:     2072758 kW
*Biomass:   832100 kW
*Solar:     7243979 kW
*Gas:       1092399 kW
*Other:     1296999 kW
------------------------
GHG [g CO2 eq.]*10**9: 2932.782762
Production [GWh]: 106066
**************************************
**************************************
Total log
----------------------
GHG [g CO2 eq.]*10**12: 824.033641
Daily production [kWh] 291911398
Years: 32
Percentage of each power plant type:
*Coal:      0.000000 %
*Nuclear:   75.000000 %
*Wind:      4.000001 %
*Hydro:     2.999999 %
*Biomass:   4.000000 %
*Solar:     8.000003 %
*Gas:       3.999994 %
*Other:     2.000001 %
------------------------
Installed power of each power plant type:
*Coal:      0 kW
*Nuclear:   11397102 kW
*Wind:      1906323 kW
*Hydro:     2072758 kW
*Biomass:   832100 kW
*Solar:     7243979 kW
*Gas:       1092399 kW
*Other:     1296999 kW
**************************************
**************************************
